CRITICAL - 2022-05-16 02:15:56 --> There is no data to insert.
#0 D:\Pegawean\AKN\system\BaseModel.php(1574): CodeIgniter\Database\Exceptions\DataException::forEmptyDataset('insert')
#1 D:\Pegawean\AKN\system\BaseModel.php(704): CodeIgniter\BaseModel->transformDataToArray(NULL, 'insert')
#2 D:\Pegawean\AKN\system\Model.php(625): CodeIgniter\BaseModel->insert(NULL, true)
#3 D:\Pegawean\AKN\app\Controllers\C_Soal1.php(32): CodeIgniter\Model->insert()
#4 D:\Pegawean\AKN\system\CodeIgniter.php(832): App\Controllers\C_Soal1->addData()
#5 D:\Pegawean\AKN\system\CodeIgniter.php(419): CodeIgniter\CodeIgniter->runController(Object(App\Controllers\C_Soal1))
#6 D:\Pegawean\AKN\system\CodeIgniter.php(326): CodeIgniter\CodeIgniter->handleRequest(NULL, Object(Config\Cache), false)
#7 D:\Pegawean\AKN\public\index.php(37): CodeIgniter\CodeIgniter->run()
#8 D:\Pegawean\AKN\system\Commands\Server\rewrite.php(43): require_once('D:\\Pegawean\\AKN...')
#9 {main}
CRITICAL - 2022-05-16 02:16:20 --> There is no data to insert.
#0 D:\Pegawean\AKN\system\BaseModel.php(1574): CodeIgniter\Database\Exceptions\DataException::forEmptyDataset('insert')
#1 D:\Pegawean\AKN\system\BaseModel.php(704): CodeIgniter\BaseModel->transformDataToArray(NULL, 'insert')
#2 D:\Pegawean\AKN\system\Model.php(625): CodeIgniter\BaseModel->insert(NULL, true)
#3 D:\Pegawean\AKN\app\Controllers\C_Soal1.php(32): CodeIgniter\Model->insert()
#4 D:\Pegawean\AKN\system\CodeIgniter.php(832): App\Controllers\C_Soal1->addData()
#5 D:\Pegawean\AKN\system\CodeIgniter.php(419): CodeIgniter\CodeIgniter->runController(Object(App\Controllers\C_Soal1))
#6 D:\Pegawean\AKN\system\CodeIgniter.php(326): CodeIgniter\CodeIgniter->handleRequest(NULL, Object(Config\Cache), false)
#7 D:\Pegawean\AKN\public\index.php(37): CodeIgniter\CodeIgniter->run()
#8 D:\Pegawean\AKN\system\Commands\Server\rewrite.php(43): require_once('D:\\Pegawean\\AKN...')
#9 {main}
CRITICAL - 2022-05-16 02:18:17 --> There is no data to insert.
#0 D:\Pegawean\AKN\system\BaseModel.php(1574): CodeIgniter\Database\Exceptions\DataException::forEmptyDataset('insert')
#1 D:\Pegawean\AKN\system\BaseModel.php(704): CodeIgniter\BaseModel->transformDataToArray(NULL, 'insert')
#2 D:\Pegawean\AKN\system\Model.php(625): CodeIgniter\BaseModel->insert(NULL, true)
#3 D:\Pegawean\AKN\app\Controllers\C_Soal1.php(32): CodeIgniter\Model->insert()
#4 D:\Pegawean\AKN\system\CodeIgniter.php(832): App\Controllers\C_Soal1->addData()
#5 D:\Pegawean\AKN\system\CodeIgniter.php(419): CodeIgniter\CodeIgniter->runController(Object(App\Controllers\C_Soal1))
#6 D:\Pegawean\AKN\system\CodeIgniter.php(326): CodeIgniter\CodeIgniter->handleRequest(NULL, Object(Config\Cache), false)
#7 D:\Pegawean\AKN\public\index.php(37): CodeIgniter\CodeIgniter->run()
#8 D:\Pegawean\AKN\system\Commands\Server\rewrite.php(43): require_once('D:\\Pegawean\\AKN...')
#9 {main}
CRITICAL - 2022-05-16 02:18:37 --> Allowed fields must be specified for model: App\Models\M_Soal1
#0 D:\Pegawean\AKN\system\BaseModel.php(1138): CodeIgniter\Database\Exceptions\DataException::forInvalidAllowedFields('App\\Models\\M_So...')
#1 D:\Pegawean\AKN\system\BaseModel.php(713): CodeIgniter\BaseModel->doProtectFields(Array)
#2 D:\Pegawean\AKN\system\Model.php(625): CodeIgniter\BaseModel->insert(Array, true)
#3 D:\Pegawean\AKN\app\Controllers\C_Soal1.php(32): CodeIgniter\Model->insert(Array)
#4 D:\Pegawean\AKN\system\CodeIgniter.php(832): App\Controllers\C_Soal1->addData()
#5 D:\Pegawean\AKN\system\CodeIgniter.php(419): CodeIgniter\CodeIgniter->runController(Object(App\Controllers\C_Soal1))
#6 D:\Pegawean\AKN\system\CodeIgniter.php(326): CodeIgniter\CodeIgniter->handleRequest(NULL, Object(Config\Cache), false)
#7 D:\Pegawean\AKN\public\index.php(37): CodeIgniter\CodeIgniter->run()
#8 D:\Pegawean\AKN\system\Commands\Server\rewrite.php(43): require_once('D:\\Pegawean\\AKN...')
#9 {main}
ERROR - 2022-05-16 02:19:08 --> Error connecting to the database: Access denied for user ''@'localhost' (using password: NO)
CRITICAL - 2022-05-16 02:19:08 --> Unable to connect to the database.
Main connection [MySQLi]: Access denied for user ''@'localhost' (using password: NO)
#0 D:\Pegawean\AKN\system\Database\BaseConnection.php(577): CodeIgniter\Database\BaseConnection->initialize()
#1 D:\Pegawean\AKN\system\Database\BaseBuilder.php(1771): CodeIgniter\Database\BaseConnection->query('INSERT INTO `so...', Array, false)
#2 D:\Pegawean\AKN\system\Model.php(239): CodeIgniter\Database\BaseBuilder->insert()
#3 D:\Pegawean\AKN\system\BaseModel.php(738): CodeIgniter\Model->doInsert(Array)
#4 D:\Pegawean\AKN\system\Model.php(625): CodeIgniter\BaseModel->insert(Array, true)
#5 D:\Pegawean\AKN\app\Controllers\C_Soal1.php(32): CodeIgniter\Model->insert(Array)
#6 D:\Pegawean\AKN\system\CodeIgniter.php(832): App\Controllers\C_Soal1->addData()
#7 D:\Pegawean\AKN\system\CodeIgniter.php(419): CodeIgniter\CodeIgniter->runController(Object(App\Controllers\C_Soal1))
#8 D:\Pegawean\AKN\system\CodeIgniter.php(326): CodeIgniter\CodeIgniter->handleRequest(NULL, Object(Config\Cache), false)
#9 D:\Pegawean\AKN\public\index.php(37): CodeIgniter\CodeIgniter->run()
#10 D:\Pegawean\AKN\system\Commands\Server\rewrite.php(43): require_once('D:\\Pegawean\\AKN...')
#11 {main}
ERROR - 2022-05-16 02:19:54 --> Error connecting to the database: Access denied for user '****'@'localhost' (using password: YES)
CRITICAL - 2022-05-16 02:19:54 --> Unable to connect to the database.
Main connection [MySQLi]: Access denied for user '****'@'localhost' (using password: YES)
#0 D:\Pegawean\AKN\system\Database\BaseConnection.php(577): CodeIgniter\Database\BaseConnection->initialize()
#1 D:\Pegawean\AKN\system\Database\BaseBuilder.php(1771): CodeIgniter\Database\BaseConnection->query('INSERT INTO `so...', Array, false)
#2 D:\Pegawean\AKN\system\Model.php(239): CodeIgniter\Database\BaseBuilder->insert()
#3 D:\Pegawean\AKN\system\BaseModel.php(738): CodeIgniter\Model->doInsert(Array)
#4 D:\Pegawean\AKN\system\Model.php(625): CodeIgniter\BaseModel->insert(Array, true)
#5 D:\Pegawean\AKN\app\Controllers\C_Soal1.php(32): CodeIgniter\Model->insert(Array)
#6 D:\Pegawean\AKN\system\CodeIgniter.php(832): App\Controllers\C_Soal1->addData()
#7 D:\Pegawean\AKN\system\CodeIgniter.php(419): CodeIgniter\CodeIgniter->runController(Object(App\Controllers\C_Soal1))
#8 D:\Pegawean\AKN\system\CodeIgniter.php(326): CodeIgniter\CodeIgniter->handleRequest(NULL, Object(Config\Cache), false)
#9 D:\Pegawean\AKN\public\index.php(37): CodeIgniter\CodeIgniter->run()
#10 D:\Pegawean\AKN\system\Commands\Server\rewrite.php(43): require_once('D:\\Pegawean\\AKN...')
#11 {main}
ERROR - 2022-05-16 02:20:02 --> Column 'tanggal' cannot be null
CRITICAL - 2022-05-16 02:20:02 --> Column 'tanggal' cannot be null
#0 D:\Pegawean\AKN\system\Database\MySQLi\Connection.php(292): mysqli->query('INSERT INTO `so...', 0)
#1 D:\Pegawean\AKN\system\Database\BaseConnection.php(670): CodeIgniter\Database\MySQLi\Connection->execute('INSERT INTO `so...')
#2 D:\Pegawean\AKN\system\Database\BaseConnection.php(598): CodeIgniter\Database\BaseConnection->simpleQuery('INSERT INTO `so...')
#3 D:\Pegawean\AKN\system\Database\BaseBuilder.php(1771): CodeIgniter\Database\BaseConnection->query('INSERT INTO `so...', Array, false)
#4 D:\Pegawean\AKN\system\Model.php(239): CodeIgniter\Database\BaseBuilder->insert()
#5 D:\Pegawean\AKN\system\BaseModel.php(738): CodeIgniter\Model->doInsert(Array)
#6 D:\Pegawean\AKN\system\Model.php(625): CodeIgniter\BaseModel->insert(Array, true)
#7 D:\Pegawean\AKN\app\Controllers\C_Soal1.php(32): CodeIgniter\Model->insert(Array)
#8 D:\Pegawean\AKN\system\CodeIgniter.php(832): App\Controllers\C_Soal1->addData()
#9 D:\Pegawean\AKN\system\CodeIgniter.php(419): CodeIgniter\CodeIgniter->runController(Object(App\Controllers\C_Soal1))
#10 D:\Pegawean\AKN\system\CodeIgniter.php(326): CodeIgniter\CodeIgniter->handleRequest(NULL, Object(Config\Cache), false)
#11 D:\Pegawean\AKN\public\index.php(37): CodeIgniter\CodeIgniter->run()
#12 D:\Pegawean\AKN\system\Commands\Server\rewrite.php(43): require_once('D:\\Pegawean\\AKN...')
#13 {main}
ERROR - 2022-05-16 02:21:27 --> Error connecting to the database: Access denied for user ''@'localhost' (using password: NO)
CRITICAL - 2022-05-16 02:21:27 --> Unable to connect to the database.
Main connection [MySQLi]: Access denied for user ''@'localhost' (using password: NO)
#0 D:\Pegawean\AKN\system\Database\BaseConnection.php(577): CodeIgniter\Database\BaseConnection->initialize()
#1 D:\Pegawean\AKN\system\Database\BaseBuilder.php(1771): CodeIgniter\Database\BaseConnection->query('INSERT INTO `so...', Array, false)
#2 D:\Pegawean\AKN\system\Model.php(239): CodeIgniter\Database\BaseBuilder->insert()
#3 D:\Pegawean\AKN\system\BaseModel.php(738): CodeIgniter\Model->doInsert(Array)
#4 D:\Pegawean\AKN\system\Model.php(625): CodeIgniter\BaseModel->insert(Array, true)
#5 D:\Pegawean\AKN\app\Controllers\C_Soal1.php(32): CodeIgniter\Model->insert(Array)
#6 D:\Pegawean\AKN\system\CodeIgniter.php(832): App\Controllers\C_Soal1->addData()
#7 D:\Pegawean\AKN\system\CodeIgniter.php(419): CodeIgniter\CodeIgniter->runController(Object(App\Controllers\C_Soal1))
#8 D:\Pegawean\AKN\system\CodeIgniter.php(326): CodeIgniter\CodeIgniter->handleRequest(NULL, Object(Config\Cache), false)
#9 D:\Pegawean\AKN\public\index.php(37): CodeIgniter\CodeIgniter->run()
#10 D:\Pegawean\AKN\system\Commands\Server\rewrite.php(43): require_once('D:\\Pegawean\\AKN...')
#11 {main}
ERROR - 2022-05-16 02:21:51 --> Error connecting to the database: Access denied for user ''@'localhost' (using password: NO)
CRITICAL - 2022-05-16 02:21:51 --> Unable to connect to the database.
Main connection [MySQLi]: Access denied for user ''@'localhost' (using password: NO)
#0 D:\Pegawean\AKN\system\Database\BaseConnection.php(577): CodeIgniter\Database\BaseConnection->initialize()
#1 D:\Pegawean\AKN\system\Database\BaseBuilder.php(1771): CodeIgniter\Database\BaseConnection->query('INSERT INTO `so...', Array, false)
#2 D:\Pegawean\AKN\system\Model.php(239): CodeIgniter\Database\BaseBuilder->insert()
#3 D:\Pegawean\AKN\system\BaseModel.php(738): CodeIgniter\Model->doInsert(Array)
#4 D:\Pegawean\AKN\system\Model.php(625): CodeIgniter\BaseModel->insert(Array, true)
#5 D:\Pegawean\AKN\app\Controllers\C_Soal1.php(32): CodeIgniter\Model->insert(Array)
#6 D:\Pegawean\AKN\system\CodeIgniter.php(832): App\Controllers\C_Soal1->addData()
#7 D:\Pegawean\AKN\system\CodeIgniter.php(419): CodeIgniter\CodeIgniter->runController(Object(App\Controllers\C_Soal1))
#8 D:\Pegawean\AKN\system\CodeIgniter.php(326): CodeIgniter\CodeIgniter->handleRequest(NULL, Object(Config\Cache), false)
#9 D:\Pegawean\AKN\public\index.php(37): CodeIgniter\CodeIgniter->run()
#10 D:\Pegawean\AKN\system\Commands\Server\rewrite.php(43): require_once('D:\\Pegawean\\AKN...')
#11 {main}
ERROR - 2022-05-16 02:22:09 --> Error connecting to the database: Access denied for user ''@'localhost' (using password: NO)
CRITICAL - 2022-05-16 02:22:09 --> Unable to connect to the database.
Main connection [MySQLi]: Access denied for user ''@'localhost' (using password: NO)
#0 D:\Pegawean\AKN\system\Database\BaseConnection.php(577): CodeIgniter\Database\BaseConnection->initialize()
#1 D:\Pegawean\AKN\system\Database\BaseBuilder.php(1771): CodeIgniter\Database\BaseConnection->query('INSERT INTO `so...', Array, false)
#2 D:\Pegawean\AKN\system\Model.php(239): CodeIgniter\Database\BaseBuilder->insert()
#3 D:\Pegawean\AKN\system\BaseModel.php(738): CodeIgniter\Model->doInsert(Array)
#4 D:\Pegawean\AKN\system\Model.php(625): CodeIgniter\BaseModel->insert(Array, true)
#5 D:\Pegawean\AKN\app\Controllers\C_Soal1.php(32): CodeIgniter\Model->insert(Array)
#6 D:\Pegawean\AKN\system\CodeIgniter.php(832): App\Controllers\C_Soal1->addData()
#7 D:\Pegawean\AKN\system\CodeIgniter.php(419): CodeIgniter\CodeIgniter->runController(Object(App\Controllers\C_Soal1))
#8 D:\Pegawean\AKN\system\CodeIgniter.php(326): CodeIgniter\CodeIgniter->handleRequest(NULL, Object(Config\Cache), false)
#9 D:\Pegawean\AKN\public\index.php(37): CodeIgniter\CodeIgniter->run()
#10 D:\Pegawean\AKN\system\Commands\Server\rewrite.php(43): require_once('D:\\Pegawean\\AKN...')
#11 {main}
CRITICAL - 2022-05-16 02:32:16 --> Call to undefined method App\Models\M_Soal1::getResult
#0 D:\Pegawean\AKN\app\Controllers\C_Soal1.php(17): CodeIgniter\Model->__call('getResult', Array)
#1 D:\Pegawean\AKN\system\CodeIgniter.php(832): App\Controllers\C_Soal1->index()
#2 D:\Pegawean\AKN\system\CodeIgniter.php(419): CodeIgniter\CodeIgniter->runController(Object(App\Controllers\C_Soal1))
#3 D:\Pegawean\AKN\system\CodeIgniter.php(326): CodeIgniter\CodeIgniter->handleRequest(NULL, Object(Config\Cache), false)
#4 D:\Pegawean\AKN\public\index.php(37): CodeIgniter\CodeIgniter->run()
#5 D:\Pegawean\AKN\system\Commands\Server\rewrite.php(43): require_once('D:\\Pegawean\\AKN...')
#6 {main}
CRITICAL - 2022-05-16 02:32:41 --> syntax error, unexpected token ")"
#0 D:\Pegawean\AKN\system\View\View.php(213): CodeIgniter\View\View->CodeIgniter\View\{closure}()
#1 D:\Pegawean\AKN\system\Common.php(1089): CodeIgniter\View\View->render('content/V_Soal1', Array, true)
#2 D:\Pegawean\AKN\app\Controllers\C_Soal1.php(23): view('content/V_Soal1', Array)
#3 D:\Pegawean\AKN\system\CodeIgniter.php(832): App\Controllers\C_Soal1->index()
#4 D:\Pegawean\AKN\system\CodeIgniter.php(419): CodeIgniter\CodeIgniter->runController(Object(App\Controllers\C_Soal1))
#5 D:\Pegawean\AKN\system\CodeIgniter.php(326): CodeIgniter\CodeIgniter->handleRequest(NULL, Object(Config\Cache), false)
#6 D:\Pegawean\AKN\public\index.php(37): CodeIgniter\CodeIgniter->run()
#7 D:\Pegawean\AKN\system\Commands\Server\rewrite.php(43): require_once('D:\\Pegawean\\AKN...')
#8 {main}
CRITICAL - 2022-05-16 02:34:59 --> Cannot use object of type stdClass as array
#0 D:\Pegawean\AKN\system\View\View.php(210): include()
#1 D:\Pegawean\AKN\system\View\View.php(213): CodeIgniter\View\View->CodeIgniter\View\{closure}()
#2 D:\Pegawean\AKN\system\Common.php(1089): CodeIgniter\View\View->render('content/V_Soal1', Array, true)
#3 D:\Pegawean\AKN\app\Controllers\C_Soal1.php(23): view('content/V_Soal1', Array)
#4 D:\Pegawean\AKN\system\CodeIgniter.php(832): App\Controllers\C_Soal1->index()
#5 D:\Pegawean\AKN\system\CodeIgniter.php(419): CodeIgniter\CodeIgniter->runController(Object(App\Controllers\C_Soal1))
#6 D:\Pegawean\AKN\system\CodeIgniter.php(326): CodeIgniter\CodeIgniter->handleRequest(NULL, Object(Config\Cache), false)
#7 D:\Pegawean\AKN\public\index.php(37): CodeIgniter\CodeIgniter->run()
#8 D:\Pegawean\AKN\system\Commands\Server\rewrite.php(43): require_once('D:\\Pegawean\\AKN...')
#9 {main}
CRITICAL - 2022-05-16 02:35:15 --> Undefined array key "tanggal"
#0 D:\Pegawean\AKN\app\Views\content\V_Soal1.php(33): CodeIgniter\Debug\Exceptions->errorHandler(2, 'Undefined array...', 'D:\\Pegawean\\AKN...', 33)
#1 D:\Pegawean\AKN\system\View\View.php(210): include('D:\\Pegawean\\AKN...')
#2 D:\Pegawean\AKN\system\View\View.php(213): CodeIgniter\View\View->CodeIgniter\View\{closure}()
#3 D:\Pegawean\AKN\system\Common.php(1089): CodeIgniter\View\View->render('content/V_Soal1', Array, true)
#4 D:\Pegawean\AKN\app\Controllers\C_Soal1.php(23): view('content/V_Soal1', Array)
#5 D:\Pegawean\AKN\system\CodeIgniter.php(832): App\Controllers\C_Soal1->index()
#6 D:\Pegawean\AKN\system\CodeIgniter.php(419): CodeIgniter\CodeIgniter->runController(Object(App\Controllers\C_Soal1))
#7 D:\Pegawean\AKN\system\CodeIgniter.php(326): CodeIgniter\CodeIgniter->handleRequest(NULL, Object(Config\Cache), false)
#8 D:\Pegawean\AKN\public\index.php(37): CodeIgniter\CodeIgniter->run()
#9 D:\Pegawean\AKN\system\Commands\Server\rewrite.php(43): require_once('D:\\Pegawean\\AKN...')
#10 {main}
CRITICAL - 2022-05-16 02:36:17 --> Undefined array key "tanggal"
#0 D:\Pegawean\AKN\app\Views\content\V_Soal1.php(33): CodeIgniter\Debug\Exceptions->errorHandler(2, 'Undefined array...', 'D:\\Pegawean\\AKN...', 33)
#1 D:\Pegawean\AKN\system\View\View.php(210): include('D:\\Pegawean\\AKN...')
#2 D:\Pegawean\AKN\system\View\View.php(213): CodeIgniter\View\View->CodeIgniter\View\{closure}()
#3 D:\Pegawean\AKN\system\Common.php(1089): CodeIgniter\View\View->render('content/V_Soal1', Array, true)
#4 D:\Pegawean\AKN\app\Controllers\C_Soal1.php(23): view('content/V_Soal1', Array)
#5 D:\Pegawean\AKN\system\CodeIgniter.php(832): App\Controllers\C_Soal1->index()
#6 D:\Pegawean\AKN\system\CodeIgniter.php(419): CodeIgniter\CodeIgniter->runController(Object(App\Controllers\C_Soal1))
#7 D:\Pegawean\AKN\system\CodeIgniter.php(326): CodeIgniter\CodeIgniter->handleRequest(NULL, Object(Config\Cache), false)
#8 D:\Pegawean\AKN\public\index.php(37): CodeIgniter\CodeIgniter->run()
#9 D:\Pegawean\AKN\system\Commands\Server\rewrite.php(43): require_once('D:\\Pegawean\\AKN...')
#10 {main}
CRITICAL - 2022-05-16 02:36:37 --> Cannot use object of type stdClass as array
#0 D:\Pegawean\AKN\system\View\View.php(210): include()
#1 D:\Pegawean\AKN\system\View\View.php(213): CodeIgniter\View\View->CodeIgniter\View\{closure}()
#2 D:\Pegawean\AKN\system\Common.php(1089): CodeIgniter\View\View->render('content/V_Soal1', Array, true)
#3 D:\Pegawean\AKN\app\Controllers\C_Soal1.php(23): view('content/V_Soal1', Array)
#4 D:\Pegawean\AKN\system\CodeIgniter.php(832): App\Controllers\C_Soal1->index()
#5 D:\Pegawean\AKN\system\CodeIgniter.php(419): CodeIgniter\CodeIgniter->runController(Object(App\Controllers\C_Soal1))
#6 D:\Pegawean\AKN\system\CodeIgniter.php(326): CodeIgniter\CodeIgniter->handleRequest(NULL, Object(Config\Cache), false)
#7 D:\Pegawean\AKN\public\index.php(37): CodeIgniter\CodeIgniter->run()
#8 D:\Pegawean\AKN\system\Commands\Server\rewrite.php(43): require_once('D:\\Pegawean\\AKN...')
#9 {main}
CRITICAL - 2022-05-16 02:37:15 --> Cannot use object of type stdClass as array
#0 D:\Pegawean\AKN\system\View\View.php(210): include()
#1 D:\Pegawean\AKN\system\View\View.php(213): CodeIgniter\View\View->CodeIgniter\View\{closure}()
#2 D:\Pegawean\AKN\system\Common.php(1089): CodeIgniter\View\View->render('content/V_Soal1', Array, true)
#3 D:\Pegawean\AKN\app\Controllers\C_Soal1.php(23): view('content/V_Soal1', Array)
#4 D:\Pegawean\AKN\system\CodeIgniter.php(832): App\Controllers\C_Soal1->index()
#5 D:\Pegawean\AKN\system\CodeIgniter.php(419): CodeIgniter\CodeIgniter->runController(Object(App\Controllers\C_Soal1))
#6 D:\Pegawean\AKN\system\CodeIgniter.php(326): CodeIgniter\CodeIgniter->handleRequest(NULL, Object(Config\Cache), false)
#7 D:\Pegawean\AKN\public\index.php(37): CodeIgniter\CodeIgniter->run()
#8 D:\Pegawean\AKN\system\Commands\Server\rewrite.php(43): require_once('D:\\Pegawean\\AKN...')
#9 {main}
ERROR - 2022-05-16 03:06:10 --> Column 'kuantitas' cannot be null
CRITICAL - 2022-05-16 03:06:10 --> Column 'kuantitas' cannot be null
#0 D:\Pegawean\AKN\system\Database\MySQLi\Connection.php(292): mysqli->query('INSERT INTO `so...', 0)
#1 D:\Pegawean\AKN\system\Database\BaseConnection.php(670): CodeIgniter\Database\MySQLi\Connection->execute('INSERT INTO `so...')
#2 D:\Pegawean\AKN\system\Database\BaseConnection.php(598): CodeIgniter\Database\BaseConnection->simpleQuery('INSERT INTO `so...')
#3 D:\Pegawean\AKN\system\Database\BaseBuilder.php(1771): CodeIgniter\Database\BaseConnection->query('INSERT INTO `so...', Array, false)
#4 D:\Pegawean\AKN\system\Model.php(239): CodeIgniter\Database\BaseBuilder->insert()
#5 D:\Pegawean\AKN\system\BaseModel.php(738): CodeIgniter\Model->doInsert(Array)
#6 D:\Pegawean\AKN\system\Model.php(625): CodeIgniter\BaseModel->insert(Array, true)
#7 D:\Pegawean\AKN\app\Controllers\C_Soal2.php(36): CodeIgniter\Model->insert(Array)
#8 D:\Pegawean\AKN\system\CodeIgniter.php(832): App\Controllers\C_Soal2->addData()
#9 D:\Pegawean\AKN\system\CodeIgniter.php(419): CodeIgniter\CodeIgniter->runController(Object(App\Controllers\C_Soal2))
#10 D:\Pegawean\AKN\system\CodeIgniter.php(326): CodeIgniter\CodeIgniter->handleRequest(NULL, Object(Config\Cache), false)
#11 D:\Pegawean\AKN\public\index.php(37): CodeIgniter\CodeIgniter->run()
#12 D:\Pegawean\AKN\system\Commands\Server\rewrite.php(43): require_once('D:\\Pegawean\\AKN...')
#13 {main}
ERROR - 2022-05-16 03:06:22 --> Column 'kuantitas' cannot be null
CRITICAL - 2022-05-16 03:06:22 --> Column 'kuantitas' cannot be null
#0 D:\Pegawean\AKN\system\Database\MySQLi\Connection.php(292): mysqli->query('INSERT INTO `so...', 0)
#1 D:\Pegawean\AKN\system\Database\BaseConnection.php(670): CodeIgniter\Database\MySQLi\Connection->execute('INSERT INTO `so...')
#2 D:\Pegawean\AKN\system\Database\BaseConnection.php(598): CodeIgniter\Database\BaseConnection->simpleQuery('INSERT INTO `so...')
#3 D:\Pegawean\AKN\system\Database\BaseBuilder.php(1771): CodeIgniter\Database\BaseConnection->query('INSERT INTO `so...', Array, false)
#4 D:\Pegawean\AKN\system\Model.php(239): CodeIgniter\Database\BaseBuilder->insert()
#5 D:\Pegawean\AKN\system\BaseModel.php(738): CodeIgniter\Model->doInsert(Array)
#6 D:\Pegawean\AKN\system\Model.php(625): CodeIgniter\BaseModel->insert(Array, true)
#7 D:\Pegawean\AKN\app\Controllers\C_Soal2.php(36): CodeIgniter\Model->insert(Array)
#8 D:\Pegawean\AKN\system\CodeIgniter.php(832): App\Controllers\C_Soal2->addData()
#9 D:\Pegawean\AKN\system\CodeIgniter.php(419): CodeIgniter\CodeIgniter->runController(Object(App\Controllers\C_Soal2))
#10 D:\Pegawean\AKN\system\CodeIgniter.php(326): CodeIgniter\CodeIgniter->handleRequest(NULL, Object(Config\Cache), false)
#11 D:\Pegawean\AKN\public\index.php(37): CodeIgniter\CodeIgniter->run()
#12 D:\Pegawean\AKN\system\Commands\Server\rewrite.php(43): require_once('D:\\Pegawean\\AKN...')
#13 {main}
CRITICAL - 2022-05-16 03:10:46 --> Undefined variable $base_url
#0 D:\Pegawean\AKN\app\Views\content\V_Soal2.php(91): CodeIgniter\Debug\Exceptions->errorHandler(2, 'Undefined varia...', 'D:\\Pegawean\\AKN...', 91)
#1 D:\Pegawean\AKN\system\View\View.php(210): include('D:\\Pegawean\\AKN...')
#2 D:\Pegawean\AKN\system\View\View.php(213): CodeIgniter\View\View->CodeIgniter\View\{closure}()
#3 D:\Pegawean\AKN\system\Common.php(1089): CodeIgniter\View\View->render('content/V_Soal2', Array, true)
#4 D:\Pegawean\AKN\app\Controllers\C_Soal2.php(23): view('content/V_Soal2', Array)
#5 D:\Pegawean\AKN\system\CodeIgniter.php(832): App\Controllers\C_Soal2->index()
#6 D:\Pegawean\AKN\system\CodeIgniter.php(419): CodeIgniter\CodeIgniter->runController(Object(App\Controllers\C_Soal2))
#7 D:\Pegawean\AKN\system\CodeIgniter.php(326): CodeIgniter\CodeIgniter->handleRequest(NULL, Object(Config\Cache), false)
#8 D:\Pegawean\AKN\public\index.php(37): CodeIgniter\CodeIgniter->run()
#9 D:\Pegawean\AKN\system\Commands\Server\rewrite.php(43): require_once('D:\\Pegawean\\AKN...')
#10 {main}
CRITICAL - 2022-05-16 03:10:59 --> Too few arguments to function App\Controllers\C_Soal2::deleteData(), 0 passed in D:\Pegawean\AKN\system\CodeIgniter.php on line 832 and exactly 1 expected
#0 D:\Pegawean\AKN\system\CodeIgniter.php(832): App\Controllers\C_Soal2->deleteData()
#1 D:\Pegawean\AKN\system\CodeIgniter.php(419): CodeIgniter\CodeIgniter->runController(Object(App\Controllers\C_Soal2))
#2 D:\Pegawean\AKN\system\CodeIgniter.php(326): CodeIgniter\CodeIgniter->handleRequest(NULL, Object(Config\Cache), false)
#3 D:\Pegawean\AKN\public\index.php(37): CodeIgniter\CodeIgniter->run()
#4 D:\Pegawean\AKN\system\Commands\Server\rewrite.php(43): require_once('D:\\Pegawean\\AKN...')
#5 {main}
CRITICAL - 2022-05-16 03:11:16 --> Too few arguments to function App\Controllers\C_Soal2::deleteData(), 0 passed in D:\Pegawean\AKN\system\CodeIgniter.php on line 832 and exactly 1 expected
#0 D:\Pegawean\AKN\system\CodeIgniter.php(832): App\Controllers\C_Soal2->deleteData()
#1 D:\Pegawean\AKN\system\CodeIgniter.php(419): CodeIgniter\CodeIgniter->runController(Object(App\Controllers\C_Soal2))
#2 D:\Pegawean\AKN\system\CodeIgniter.php(326): CodeIgniter\CodeIgniter->handleRequest(NULL, Object(Config\Cache), false)
#3 D:\Pegawean\AKN\public\index.php(37): CodeIgniter\CodeIgniter->run()
#4 D:\Pegawean\AKN\system\Commands\Server\rewrite.php(43): require_once('D:\\Pegawean\\AKN...')
#5 {main}
CRITICAL - 2022-05-16 03:11:20 --> Deletes are not allowed unless they contain a "where" or "like" clause.
#0 D:\Pegawean\AKN\system\Model.php(359): CodeIgniter\Database\BaseBuilder->delete()
#1 D:\Pegawean\AKN\system\BaseModel.php(963): CodeIgniter\Model->doDelete('0', false)
#2 D:\Pegawean\AKN\app\Controllers\C_Soal2.php(57): CodeIgniter\BaseModel->delete('0')
#3 D:\Pegawean\AKN\system\CodeIgniter.php(832): App\Controllers\C_Soal2->deleteData('0')
#4 D:\Pegawean\AKN\system\CodeIgniter.php(419): CodeIgniter\CodeIgniter->runController(Object(App\Controllers\C_Soal2))
#5 D:\Pegawean\AKN\system\CodeIgniter.php(326): CodeIgniter\CodeIgniter->handleRequest(NULL, Object(Config\Cache), false)
#6 D:\Pegawean\AKN\public\index.php(37): CodeIgniter\CodeIgniter->run()
#7 D:\Pegawean\AKN\system\Commands\Server\rewrite.php(43): require_once('D:\\Pegawean\\AKN...')
#8 {main}
CRITICAL - 2022-05-16 03:12:05 --> Deletes are not allowed unless they contain a "where" or "like" clause.
#0 D:\Pegawean\AKN\system\Model.php(359): CodeIgniter\Database\BaseBuilder->delete()
#1 D:\Pegawean\AKN\system\BaseModel.php(963): CodeIgniter\Model->doDelete('0', false)
#2 D:\Pegawean\AKN\app\Controllers\C_Soal2.php(57): CodeIgniter\BaseModel->delete('0')
#3 D:\Pegawean\AKN\system\CodeIgniter.php(832): App\Controllers\C_Soal2->deleteData('0')
#4 D:\Pegawean\AKN\system\CodeIgniter.php(419): CodeIgniter\CodeIgniter->runController(Object(App\Controllers\C_Soal2))
#5 D:\Pegawean\AKN\system\CodeIgniter.php(326): CodeIgniter\CodeIgniter->handleRequest(NULL, Object(Config\Cache), false)
#6 D:\Pegawean\AKN\public\index.php(37): CodeIgniter\CodeIgniter->run()
#7 D:\Pegawean\AKN\system\Commands\Server\rewrite.php(43): require_once('D:\\Pegawean\\AKN...')
#8 {main}
CRITICAL - 2022-05-16 03:12:09 --> Deletes are not allowed unless they contain a "where" or "like" clause.
#0 D:\Pegawean\AKN\system\Model.php(359): CodeIgniter\Database\BaseBuilder->delete()
#1 D:\Pegawean\AKN\system\BaseModel.php(963): CodeIgniter\Model->doDelete('0', false)
#2 D:\Pegawean\AKN\app\Controllers\C_Soal2.php(57): CodeIgniter\BaseModel->delete('0')
#3 D:\Pegawean\AKN\system\CodeIgniter.php(832): App\Controllers\C_Soal2->deleteData('0')
#4 D:\Pegawean\AKN\system\CodeIgniter.php(419): CodeIgniter\CodeIgniter->runController(Object(App\Controllers\C_Soal2))
#5 D:\Pegawean\AKN\system\CodeIgniter.php(326): CodeIgniter\CodeIgniter->handleRequest(NULL, Object(Config\Cache), false)
#6 D:\Pegawean\AKN\public\index.php(37): CodeIgniter\CodeIgniter->run()
#7 D:\Pegawean\AKN\system\Commands\Server\rewrite.php(43): require_once('D:\\Pegawean\\AKN...')
#8 {main}
CRITICAL - 2022-05-16 03:14:09 --> Deletes are not allowed unless they contain a "where" or "like" clause.
#0 D:\Pegawean\AKN\system\Model.php(359): CodeIgniter\Database\BaseBuilder->delete()
#1 D:\Pegawean\AKN\system\BaseModel.php(963): CodeIgniter\Model->doDelete('0', false)
#2 D:\Pegawean\AKN\app\Controllers\C_Soal2.php(57): CodeIgniter\BaseModel->delete('0')
#3 D:\Pegawean\AKN\system\CodeIgniter.php(832): App\Controllers\C_Soal2->deleteData('0')
#4 D:\Pegawean\AKN\system\CodeIgniter.php(419): CodeIgniter\CodeIgniter->runController(Object(App\Controllers\C_Soal2))
#5 D:\Pegawean\AKN\system\CodeIgniter.php(326): CodeIgniter\CodeIgniter->handleRequest(NULL, Object(Config\Cache), false)
#6 D:\Pegawean\AKN\public\index.php(37): CodeIgniter\CodeIgniter->run()
#7 D:\Pegawean\AKN\system\Commands\Server\rewrite.php(43): require_once('D:\\Pegawean\\AKN...')
#8 {main}
CRITICAL - 2022-05-16 03:14:15 --> Deletes are not allowed unless they contain a "where" or "like" clause.
#0 D:\Pegawean\AKN\system\Model.php(359): CodeIgniter\Database\BaseBuilder->delete()
#1 D:\Pegawean\AKN\system\BaseModel.php(963): CodeIgniter\Model->doDelete('0', false)
#2 D:\Pegawean\AKN\app\Controllers\C_Soal2.php(57): CodeIgniter\BaseModel->delete('0')
#3 D:\Pegawean\AKN\system\CodeIgniter.php(832): App\Controllers\C_Soal2->deleteData('0')
#4 D:\Pegawean\AKN\system\CodeIgniter.php(419): CodeIgniter\CodeIgniter->runController(Object(App\Controllers\C_Soal2))
#5 D:\Pegawean\AKN\system\CodeIgniter.php(326): CodeIgniter\CodeIgniter->handleRequest(NULL, Object(Config\Cache), false)
#6 D:\Pegawean\AKN\public\index.php(37): CodeIgniter\CodeIgniter->run()
#7 D:\Pegawean\AKN\system\Commands\Server\rewrite.php(43): require_once('D:\\Pegawean\\AKN...')
#8 {main}
ERROR - 2022-05-16 03:17:57 --> Unknown column 'keterangan' in 'field list'
CRITICAL - 2022-05-16 03:17:57 --> Unknown column 'keterangan' in 'field list'
#0 D:\Pegawean\AKN\system\Database\MySQLi\Connection.php(292): mysqli->query('UPDATE `soal1` ...', 0)
#1 D:\Pegawean\AKN\system\Database\BaseConnection.php(670): CodeIgniter\Database\MySQLi\Connection->execute('UPDATE `soal1` ...')
#2 D:\Pegawean\AKN\system\Database\BaseConnection.php(598): CodeIgniter\Database\BaseConnection->simpleQuery('UPDATE `soal1` ...')
#3 D:\Pegawean\AKN\system\Database\BaseBuilder.php(1913): CodeIgniter\Database\BaseConnection->query('UPDATE `soal1` ...', Array, false)
#4 D:\Pegawean\AKN\app\Models\M_Soal2.php(52): CodeIgniter\Database\BaseBuilder->update()
#5 D:\Pegawean\AKN\app\Controllers\C_Soal2.php(51): App\Models\M_Soal2->updateData(Array)
#6 D:\Pegawean\AKN\system\CodeIgniter.php(832): App\Controllers\C_Soal2->updateData()
#7 D:\Pegawean\AKN\system\CodeIgniter.php(419): CodeIgniter\CodeIgniter->runController(Object(App\Controllers\C_Soal2))
#8 D:\Pegawean\AKN\system\CodeIgniter.php(326): CodeIgniter\CodeIgniter->handleRequest(NULL, Object(Config\Cache), false)
#9 D:\Pegawean\AKN\public\index.php(37): CodeIgniter\CodeIgniter->run()
#10 D:\Pegawean\AKN\system\Commands\Server\rewrite.php(43): require_once('D:\\Pegawean\\AKN...')
#11 {main}
CRITICAL - 2022-05-16 03:35:22 --> Undefined property: App\Controllers\C_Jawaban1::$Soal2
#0 D:\Pegawean\AKN\app\Controllers\C_Jawaban1.php(17): CodeIgniter\Debug\Exceptions->errorHandler(2, 'Undefined prope...', 'D:\\Pegawean\\AKN...', 17)
#1 D:\Pegawean\AKN\system\CodeIgniter.php(832): App\Controllers\C_Jawaban1->index()
#2 D:\Pegawean\AKN\system\CodeIgniter.php(419): CodeIgniter\CodeIgniter->runController(Object(App\Controllers\C_Jawaban1))
#3 D:\Pegawean\AKN\system\CodeIgniter.php(326): CodeIgniter\CodeIgniter->handleRequest(NULL, Object(Config\Cache), false)
#4 D:\Pegawean\AKN\public\index.php(37): CodeIgniter\CodeIgniter->run()
#5 D:\Pegawean\AKN\system\Commands\Server\rewrite.php(43): require_once('D:\\Pegawean\\AKN...')
#6 {main}
CRITICAL - 2022-05-16 03:36:15 --> Undefined property: App\Controllers\C_Jawaban1::$Jawaban2
#0 D:\Pegawean\AKN\app\Controllers\C_Jawaban1.php(17): CodeIgniter\Debug\Exceptions->errorHandler(2, 'Undefined prope...', 'D:\\Pegawean\\AKN...', 17)
#1 D:\Pegawean\AKN\system\CodeIgniter.php(832): App\Controllers\C_Jawaban1->index()
#2 D:\Pegawean\AKN\system\CodeIgniter.php(419): CodeIgniter\CodeIgniter->runController(Object(App\Controllers\C_Jawaban1))
#3 D:\Pegawean\AKN\system\CodeIgniter.php(326): CodeIgniter\CodeIgniter->handleRequest(NULL, Object(Config\Cache), false)
#4 D:\Pegawean\AKN\public\index.php(37): CodeIgniter\CodeIgniter->run()
#5 D:\Pegawean\AKN\system\Commands\Server\rewrite.php(43): require_once('D:\\Pegawean\\AKN...')
#6 {main}
ERROR - 2022-05-16 03:50:48 --> Unknown column 'nama' in 'field list'
CRITICAL - 2022-05-16 03:50:48 --> Unknown column 'nama' in 'field list'
#0 D:\Pegawean\AKN\system\Database\MySQLi\Connection.php(292): mysqli->query('UPDATE `soal1` ...', 0)
#1 D:\Pegawean\AKN\system\Database\BaseConnection.php(670): CodeIgniter\Database\MySQLi\Connection->execute('UPDATE `soal1` ...')
#2 D:\Pegawean\AKN\system\Database\BaseConnection.php(598): CodeIgniter\Database\BaseConnection->simpleQuery('UPDATE `soal1` ...')
#3 D:\Pegawean\AKN\system\Database\BaseBuilder.php(1913): CodeIgniter\Database\BaseConnection->query('UPDATE `soal1` ...', Array, false)
#4 D:\Pegawean\AKN\app\Models\M_Jawaban1.php(51): CodeIgniter\Database\BaseBuilder->update()
#5 D:\Pegawean\AKN\app\Controllers\C_Jawaban1.php(49): App\Models\M_Jawaban1->updateData(Array)
#6 D:\Pegawean\AKN\system\CodeIgniter.php(832): App\Controllers\C_Jawaban1->updateData()
#7 D:\Pegawean\AKN\system\CodeIgniter.php(419): CodeIgniter\CodeIgniter->runController(Object(App\Controllers\C_Jawaban1))
#8 D:\Pegawean\AKN\system\CodeIgniter.php(326): CodeIgniter\CodeIgniter->handleRequest(NULL, Object(Config\Cache), false)
#9 D:\Pegawean\AKN\public\index.php(37): CodeIgniter\CodeIgniter->run()
#10 D:\Pegawean\AKN\system\Commands\Server\rewrite.php(43): require_once('D:\\Pegawean\\AKN...')
#11 {main}
ERROR - 2022-05-16 03:52:02 --> Unknown column 'nama' in 'field list'
CRITICAL - 2022-05-16 03:52:02 --> Unknown column 'nama' in 'field list'
#0 D:\Pegawean\AKN\system\Database\MySQLi\Connection.php(292): mysqli->query('UPDATE `soal1` ...', 0)
#1 D:\Pegawean\AKN\system\Database\BaseConnection.php(670): CodeIgniter\Database\MySQLi\Connection->execute('UPDATE `soal1` ...')
#2 D:\Pegawean\AKN\system\Database\BaseConnection.php(598): CodeIgniter\Database\BaseConnection->simpleQuery('UPDATE `soal1` ...')
#3 D:\Pegawean\AKN\system\Database\BaseBuilder.php(1913): CodeIgniter\Database\BaseConnection->query('UPDATE `soal1` ...', Array, false)
#4 D:\Pegawean\AKN\app\Models\M_Jawaban1.php(51): CodeIgniter\Database\BaseBuilder->update()
#5 D:\Pegawean\AKN\app\Controllers\C_Jawaban1.php(49): App\Models\M_Jawaban1->updateData(Array)
#6 D:\Pegawean\AKN\system\CodeIgniter.php(832): App\Controllers\C_Jawaban1->updateData()
#7 D:\Pegawean\AKN\system\CodeIgniter.php(419): CodeIgniter\CodeIgniter->runController(Object(App\Controllers\C_Jawaban1))
#8 D:\Pegawean\AKN\system\CodeIgniter.php(326): CodeIgniter\CodeIgniter->handleRequest(NULL, Object(Config\Cache), false)
#9 D:\Pegawean\AKN\public\index.php(37): CodeIgniter\CodeIgniter->run()
#10 D:\Pegawean\AKN\system\Commands\Server\rewrite.php(43): require_once('D:\\Pegawean\\AKN...')
#11 {main}
ERROR - 2022-05-16 03:52:08 --> Unknown column 'nama' in 'field list'
CRITICAL - 2022-05-16 03:52:08 --> Unknown column 'nama' in 'field list'
#0 D:\Pegawean\AKN\system\Database\MySQLi\Connection.php(292): mysqli->query('UPDATE `soal1` ...', 0)
#1 D:\Pegawean\AKN\system\Database\BaseConnection.php(670): CodeIgniter\Database\MySQLi\Connection->execute('UPDATE `soal1` ...')
#2 D:\Pegawean\AKN\system\Database\BaseConnection.php(598): CodeIgniter\Database\BaseConnection->simpleQuery('UPDATE `soal1` ...')
#3 D:\Pegawean\AKN\system\Database\BaseBuilder.php(1913): CodeIgniter\Database\BaseConnection->query('UPDATE `soal1` ...', Array, false)
#4 D:\Pegawean\AKN\app\Models\M_Jawaban1.php(51): CodeIgniter\Database\BaseBuilder->update()
#5 D:\Pegawean\AKN\app\Controllers\C_Jawaban1.php(49): App\Models\M_Jawaban1->updateData(Array)
#6 D:\Pegawean\AKN\system\CodeIgniter.php(832): App\Controllers\C_Jawaban1->updateData()
#7 D:\Pegawean\AKN\system\CodeIgniter.php(419): CodeIgniter\CodeIgniter->runController(Object(App\Controllers\C_Jawaban1))
#8 D:\Pegawean\AKN\system\CodeIgniter.php(326): CodeIgniter\CodeIgniter->handleRequest(NULL, Object(Config\Cache), false)
#9 D:\Pegawean\AKN\public\index.php(37): CodeIgniter\CodeIgniter->run()
#10 D:\Pegawean\AKN\system\Commands\Server\rewrite.php(43): require_once('D:\\Pegawean\\AKN...')
#11 {main}
ERROR - 2022-05-16 03:53:50 --> Unknown column 'nama' in 'field list'
CRITICAL - 2022-05-16 03:53:50 --> Unknown column 'nama' in 'field list'
#0 D:\Pegawean\AKN\system\Database\MySQLi\Connection.php(292): mysqli->query('UPDATE `soal1` ...', 0)
#1 D:\Pegawean\AKN\system\Database\BaseConnection.php(670): CodeIgniter\Database\MySQLi\Connection->execute('UPDATE `soal1` ...')
#2 D:\Pegawean\AKN\system\Database\BaseConnection.php(598): CodeIgniter\Database\BaseConnection->simpleQuery('UPDATE `soal1` ...')
#3 D:\Pegawean\AKN\system\Database\BaseBuilder.php(1913): CodeIgniter\Database\BaseConnection->query('UPDATE `soal1` ...', Array, false)
#4 D:\Pegawean\AKN\app\Models\M_Jawaban1.php(51): CodeIgniter\Database\BaseBuilder->update()
#5 D:\Pegawean\AKN\app\Controllers\C_Jawaban1.php(49): App\Models\M_Jawaban1->updateData(Array)
#6 D:\Pegawean\AKN\system\CodeIgniter.php(832): App\Controllers\C_Jawaban1->updateData()
#7 D:\Pegawean\AKN\system\CodeIgniter.php(419): CodeIgniter\CodeIgniter->runController(Object(App\Controllers\C_Jawaban1))
#8 D:\Pegawean\AKN\system\CodeIgniter.php(326): CodeIgniter\CodeIgniter->handleRequest(NULL, Object(Config\Cache), false)
#9 D:\Pegawean\AKN\public\index.php(37): CodeIgniter\CodeIgniter->run()
#10 D:\Pegawean\AKN\system\Commands\Server\rewrite.php(43): require_once('D:\\Pegawean\\AKN...')
#11 {main}
CRITICAL - 2022-05-16 04:14:30 --> Undefined variable $results
#0 D:\Pegawean\AKN\app\Views\content\V_Jawaban2.php(47): CodeIgniter\Debug\Exceptions->errorHandler(2, 'Undefined varia...', 'D:\\Pegawean\\AKN...', 47)
#1 D:\Pegawean\AKN\system\View\View.php(210): include('D:\\Pegawean\\AKN...')
#2 D:\Pegawean\AKN\system\View\View.php(213): CodeIgniter\View\View->CodeIgniter\View\{closure}()
#3 D:\Pegawean\AKN\system\Common.php(1089): CodeIgniter\View\View->render('content/V_Jawab...', Array, true)
#4 D:\Pegawean\AKN\app\Controllers\C_Jawaban2.php(21): view('content/V_Jawab...', Array)
#5 D:\Pegawean\AKN\system\CodeIgniter.php(832): App\Controllers\C_Jawaban2->index()
#6 D:\Pegawean\AKN\system\CodeIgniter.php(419): CodeIgniter\CodeIgniter->runController(Object(App\Controllers\C_Jawaban2))
#7 D:\Pegawean\AKN\system\CodeIgniter.php(326): CodeIgniter\CodeIgniter->handleRequest(NULL, Object(Config\Cache), false)
#8 D:\Pegawean\AKN\public\index.php(37): CodeIgniter\CodeIgniter->run()
#9 D:\Pegawean\AKN\system\Commands\Server\rewrite.php(43): require_once('D:\\Pegawean\\AKN...')
#10 {main}
ERROR - 2022-05-16 04:16:10 --> Table 'akn-kel4.hargapokok' doesn't exist
CRITICAL - 2022-05-16 04:16:10 --> Table 'akn-kel4.hargapokok' doesn't exist
#0 D:\Pegawean\AKN\system\Database\MySQLi\Connection.php(292): mysqli->query('SELECT *\nFROM `...', 0)
#1 D:\Pegawean\AKN\system\Database\BaseConnection.php(670): CodeIgniter\Database\MySQLi\Connection->execute('SELECT *\nFROM `...')
#2 D:\Pegawean\AKN\system\Database\BaseConnection.php(598): CodeIgniter\Database\BaseConnection->simpleQuery('SELECT *\nFROM `...')
#3 D:\Pegawean\AKN\system\Database\BaseBuilder.php(1455): CodeIgniter\Database\BaseConnection->query('SELECT *\nFROM `...', Array, false)
#4 D:\Pegawean\AKN\system\Model.php(728): CodeIgniter\Database\BaseBuilder->get()
#5 D:\Pegawean\AKN\app\Controllers\C_Jawaban2.php(20): CodeIgniter\Model->__call('get', Array)
#6 D:\Pegawean\AKN\system\CodeIgniter.php(832): App\Controllers\C_Jawaban2->index()
#7 D:\Pegawean\AKN\system\CodeIgniter.php(419): CodeIgniter\CodeIgniter->runController(Object(App\Controllers\C_Jawaban2))
#8 D:\Pegawean\AKN\system\CodeIgniter.php(326): CodeIgniter\CodeIgniter->handleRequest(NULL, Object(Config\Cache), false)
#9 D:\Pegawean\AKN\public\index.php(37): CodeIgniter\CodeIgniter->run()
#10 D:\Pegawean\AKN\system\Commands\Server\rewrite.php(43): require_once('D:\\Pegawean\\AKN...')
#11 {main}
CRITICAL - 2022-05-16 04:16:25 --> Undefined variable $results
#0 D:\Pegawean\AKN\app\Views\content\V_Jawaban2.php(47): CodeIgniter\Debug\Exceptions->errorHandler(2, 'Undefined varia...', 'D:\\Pegawean\\AKN...', 47)
#1 D:\Pegawean\AKN\system\View\View.php(210): include('D:\\Pegawean\\AKN...')
#2 D:\Pegawean\AKN\system\View\View.php(213): CodeIgniter\View\View->CodeIgniter\View\{closure}()
#3 D:\Pegawean\AKN\system\Common.php(1089): CodeIgniter\View\View->render('content/V_Jawab...', Array, true)
#4 D:\Pegawean\AKN\app\Controllers\C_Jawaban2.php(27): view('content/V_Jawab...', Array)
#5 D:\Pegawean\AKN\system\CodeIgniter.php(832): App\Controllers\C_Jawaban2->index()
#6 D:\Pegawean\AKN\system\CodeIgniter.php(419): CodeIgniter\CodeIgniter->runController(Object(App\Controllers\C_Jawaban2))
#7 D:\Pegawean\AKN\system\CodeIgniter.php(326): CodeIgniter\CodeIgniter->handleRequest(NULL, Object(Config\Cache), false)
#8 D:\Pegawean\AKN\public\index.php(37): CodeIgniter\CodeIgniter->run()
#9 D:\Pegawean\AKN\system\Commands\Server\rewrite.php(43): require_once('D:\\Pegawean\\AKN...')
#10 {main}
CRITICAL - 2022-05-16 04:17:47 --> Undefined variable $results
#0 D:\Pegawean\AKN\app\Views\content\V_Jawaban2.php(92): CodeIgniter\Debug\Exceptions->errorHandler(2, 'Undefined varia...', 'D:\\Pegawean\\AKN...', 92)
#1 D:\Pegawean\AKN\system\View\View.php(210): include('D:\\Pegawean\\AKN...')
#2 D:\Pegawean\AKN\system\View\View.php(213): CodeIgniter\View\View->CodeIgniter\View\{closure}()
#3 D:\Pegawean\AKN\system\Common.php(1089): CodeIgniter\View\View->render('content/V_Jawab...', Array, true)
#4 D:\Pegawean\AKN\app\Controllers\C_Jawaban2.php(27): view('content/V_Jawab...', Array)
#5 D:\Pegawean\AKN\system\CodeIgniter.php(832): App\Controllers\C_Jawaban2->index()
#6 D:\Pegawean\AKN\system\CodeIgniter.php(419): CodeIgniter\CodeIgniter->runController(Object(App\Controllers\C_Jawaban2))
#7 D:\Pegawean\AKN\system\CodeIgniter.php(326): CodeIgniter\CodeIgniter->handleRequest(NULL, Object(Config\Cache), false)
#8 D:\Pegawean\AKN\public\index.php(37): CodeIgniter\CodeIgniter->run()
#9 D:\Pegawean\AKN\system\Commands\Server\rewrite.php(43): require_once('D:\\Pegawean\\AKN...')
#10 {main}
CRITICAL - 2022-05-16 04:43:36 --> Undefined property: App\Controllers\C_Jawaban2::$Jawaban1
#0 D:\Pegawean\AKN\app\Controllers\C_Jawaban2.php(45): CodeIgniter\Debug\Exceptions->errorHandler(2, 'Undefined prope...', 'D:\\Pegawean\\AKN...', 45)
#1 D:\Pegawean\AKN\system\CodeIgniter.php(832): App\Controllers\C_Jawaban2->addData()
#2 D:\Pegawean\AKN\system\CodeIgniter.php(419): CodeIgniter\CodeIgniter->runController(Object(App\Controllers\C_Jawaban2))
#3 D:\Pegawean\AKN\system\CodeIgniter.php(326): CodeIgniter\CodeIgniter->handleRequest(NULL, Object(Config\Cache), false)
#4 D:\Pegawean\AKN\public\index.php(37): CodeIgniter\CodeIgniter->run()
#5 D:\Pegawean\AKN\system\Commands\Server\rewrite.php(43): require_once('D:\\Pegawean\\AKN...')
#6 {main}
ERROR - 2022-05-16 04:44:01 --> Column 'total_harga1' cannot be null
CRITICAL - 2022-05-16 04:44:01 --> Column 'total_harga1' cannot be null
#0 D:\Pegawean\AKN\system\Database\MySQLi\Connection.php(292): mysqli->query('INSERT INTO `ja...', 0)
#1 D:\Pegawean\AKN\system\Database\BaseConnection.php(670): CodeIgniter\Database\MySQLi\Connection->execute('INSERT INTO `ja...')
#2 D:\Pegawean\AKN\system\Database\BaseConnection.php(598): CodeIgniter\Database\BaseConnection->simpleQuery('INSERT INTO `ja...')
#3 D:\Pegawean\AKN\system\Database\BaseBuilder.php(1771): CodeIgniter\Database\BaseConnection->query('INSERT INTO `ja...', Array, false)
#4 D:\Pegawean\AKN\system\Model.php(239): CodeIgniter\Database\BaseBuilder->insert()
#5 D:\Pegawean\AKN\system\BaseModel.php(738): CodeIgniter\Model->doInsert(Array)
#6 D:\Pegawean\AKN\system\Model.php(625): CodeIgniter\BaseModel->insert(Array, true)
#7 D:\Pegawean\AKN\app\Controllers\C_Jawaban2.php(45): CodeIgniter\Model->insert(Array)
#8 D:\Pegawean\AKN\system\CodeIgniter.php(832): App\Controllers\C_Jawaban2->addData()
#9 D:\Pegawean\AKN\system\CodeIgniter.php(419): CodeIgniter\CodeIgniter->runController(Object(App\Controllers\C_Jawaban2))
#10 D:\Pegawean\AKN\system\CodeIgniter.php(326): CodeIgniter\CodeIgniter->handleRequest(NULL, Object(Config\Cache), false)
#11 D:\Pegawean\AKN\public\index.php(37): CodeIgniter\CodeIgniter->run()
#12 D:\Pegawean\AKN\system\Commands\Server\rewrite.php(43): require_once('D:\\Pegawean\\AKN...')
#13 {main}
ERROR - 2022-05-16 04:45:05 --> Column 'total_harga1' cannot be null
CRITICAL - 2022-05-16 04:45:05 --> Column 'total_harga1' cannot be null
#0 D:\Pegawean\AKN\system\Database\MySQLi\Connection.php(292): mysqli->query('INSERT INTO `ja...', 0)
#1 D:\Pegawean\AKN\system\Database\BaseConnection.php(670): CodeIgniter\Database\MySQLi\Connection->execute('INSERT INTO `ja...')
#2 D:\Pegawean\AKN\system\Database\BaseConnection.php(598): CodeIgniter\Database\BaseConnection->simpleQuery('INSERT INTO `ja...')
#3 D:\Pegawean\AKN\system\Database\BaseBuilder.php(1771): CodeIgniter\Database\BaseConnection->query('INSERT INTO `ja...', Array, false)
#4 D:\Pegawean\AKN\system\Model.php(239): CodeIgniter\Database\BaseBuilder->insert()
#5 D:\Pegawean\AKN\system\BaseModel.php(738): CodeIgniter\Model->doInsert(Array)
#6 D:\Pegawean\AKN\system\Model.php(625): CodeIgniter\BaseModel->insert(Array, true)
#7 D:\Pegawean\AKN\app\Controllers\C_Jawaban2.php(45): CodeIgniter\Model->insert(Array)
#8 D:\Pegawean\AKN\system\CodeIgniter.php(832): App\Controllers\C_Jawaban2->addData()
#9 D:\Pegawean\AKN\system\CodeIgniter.php(419): CodeIgniter\CodeIgniter->runController(Object(App\Controllers\C_Jawaban2))
#10 D:\Pegawean\AKN\system\CodeIgniter.php(326): CodeIgniter\CodeIgniter->handleRequest(NULL, Object(Config\Cache), false)
#11 D:\Pegawean\AKN\public\index.php(37): CodeIgniter\CodeIgniter->run()
#12 D:\Pegawean\AKN\system\Commands\Server\rewrite.php(43): require_once('D:\\Pegawean\\AKN...')
#13 {main}
ERROR - 2022-05-16 04:45:41 --> Column 'total_harga1' cannot be null
CRITICAL - 2022-05-16 04:45:41 --> Column 'total_harga1' cannot be null
#0 D:\Pegawean\AKN\system\Database\MySQLi\Connection.php(292): mysqli->query('INSERT INTO `ja...', 0)
#1 D:\Pegawean\AKN\system\Database\BaseConnection.php(670): CodeIgniter\Database\MySQLi\Connection->execute('INSERT INTO `ja...')
#2 D:\Pegawean\AKN\system\Database\BaseConnection.php(598): CodeIgniter\Database\BaseConnection->simpleQuery('INSERT INTO `ja...')
#3 D:\Pegawean\AKN\system\Database\BaseBuilder.php(1771): CodeIgniter\Database\BaseConnection->query('INSERT INTO `ja...', Array, false)
#4 D:\Pegawean\AKN\system\Model.php(239): CodeIgniter\Database\BaseBuilder->insert()
#5 D:\Pegawean\AKN\system\BaseModel.php(738): CodeIgniter\Model->doInsert(Array)
#6 D:\Pegawean\AKN\system\Model.php(625): CodeIgniter\BaseModel->insert(Array, true)
#7 D:\Pegawean\AKN\app\Controllers\C_Jawaban2.php(45): CodeIgniter\Model->insert(Array)
#8 D:\Pegawean\AKN\system\CodeIgniter.php(832): App\Controllers\C_Jawaban2->addData()
#9 D:\Pegawean\AKN\system\CodeIgniter.php(419): CodeIgniter\CodeIgniter->runController(Object(App\Controllers\C_Jawaban2))
#10 D:\Pegawean\AKN\system\CodeIgniter.php(326): CodeIgniter\CodeIgniter->handleRequest(NULL, Object(Config\Cache), false)
#11 D:\Pegawean\AKN\public\index.php(37): CodeIgniter\CodeIgniter->run()
#12 D:\Pegawean\AKN\system\Commands\Server\rewrite.php(43): require_once('D:\\Pegawean\\AKN...')
#13 {main}
ERROR - 2022-05-16 04:46:02 --> Column 'total_harga1' cannot be null
CRITICAL - 2022-05-16 04:46:02 --> Column 'total_harga1' cannot be null
#0 D:\Pegawean\AKN\system\Database\MySQLi\Connection.php(292): mysqli->query('INSERT INTO `ja...', 0)
#1 D:\Pegawean\AKN\system\Database\BaseConnection.php(670): CodeIgniter\Database\MySQLi\Connection->execute('INSERT INTO `ja...')
#2 D:\Pegawean\AKN\system\Database\BaseConnection.php(598): CodeIgniter\Database\BaseConnection->simpleQuery('INSERT INTO `ja...')
#3 D:\Pegawean\AKN\system\Database\BaseBuilder.php(1771): CodeIgniter\Database\BaseConnection->query('INSERT INTO `ja...', Array, false)
#4 D:\Pegawean\AKN\system\Model.php(239): CodeIgniter\Database\BaseBuilder->insert()
#5 D:\Pegawean\AKN\system\BaseModel.php(738): CodeIgniter\Model->doInsert(Array)
#6 D:\Pegawean\AKN\system\Model.php(625): CodeIgniter\BaseModel->insert(Array, true)
#7 D:\Pegawean\AKN\app\Controllers\C_Jawaban2.php(45): CodeIgniter\Model->insert(Array)
#8 D:\Pegawean\AKN\system\CodeIgniter.php(832): App\Controllers\C_Jawaban2->addData()
#9 D:\Pegawean\AKN\system\CodeIgniter.php(419): CodeIgniter\CodeIgniter->runController(Object(App\Controllers\C_Jawaban2))
#10 D:\Pegawean\AKN\system\CodeIgniter.php(326): CodeIgniter\CodeIgniter->handleRequest(NULL, Object(Config\Cache), false)
#11 D:\Pegawean\AKN\public\index.php(37): CodeIgniter\CodeIgniter->run()
#12 D:\Pegawean\AKN\system\Commands\Server\rewrite.php(43): require_once('D:\\Pegawean\\AKN...')
#13 {main}
ERROR - 2022-05-16 04:48:53 --> Column 'total_harga2' cannot be null
CRITICAL - 2022-05-16 04:48:53 --> Column 'total_harga2' cannot be null
#0 D:\Pegawean\AKN\system\Database\MySQLi\Connection.php(292): mysqli->query('INSERT INTO `ja...', 0)
#1 D:\Pegawean\AKN\system\Database\BaseConnection.php(670): CodeIgniter\Database\MySQLi\Connection->execute('INSERT INTO `ja...')
#2 D:\Pegawean\AKN\system\Database\BaseConnection.php(598): CodeIgniter\Database\BaseConnection->simpleQuery('INSERT INTO `ja...')
#3 D:\Pegawean\AKN\system\Database\BaseBuilder.php(1771): CodeIgniter\Database\BaseConnection->query('INSERT INTO `ja...', Array, false)
#4 D:\Pegawean\AKN\system\Model.php(239): CodeIgniter\Database\BaseBuilder->insert()
#5 D:\Pegawean\AKN\system\BaseModel.php(738): CodeIgniter\Model->doInsert(Array)
#6 D:\Pegawean\AKN\system\Model.php(625): CodeIgniter\BaseModel->insert(Array, true)
#7 D:\Pegawean\AKN\app\Controllers\C_Jawaban2.php(45): CodeIgniter\Model->insert(Array)
#8 D:\Pegawean\AKN\system\CodeIgniter.php(832): App\Controllers\C_Jawaban2->addData()
#9 D:\Pegawean\AKN\system\CodeIgniter.php(419): CodeIgniter\CodeIgniter->runController(Object(App\Controllers\C_Jawaban2))
#10 D:\Pegawean\AKN\system\CodeIgniter.php(326): CodeIgniter\CodeIgniter->handleRequest(NULL, Object(Config\Cache), false)
#11 D:\Pegawean\AKN\public\index.php(37): CodeIgniter\CodeIgniter->run()
#12 D:\Pegawean\AKN\system\Commands\Server\rewrite.php(43): require_once('D:\\Pegawean\\AKN...')
#13 {main}
CRITICAL - 2022-05-16 04:54:05 --> Call to undefined method App\Models\M_Jawaban2::updateData
#0 D:\Pegawean\AKN\app\Controllers\C_Jawaban2.php(65): CodeIgniter\Model->__call('updateData', Array)
#1 D:\Pegawean\AKN\system\CodeIgniter.php(832): App\Controllers\C_Jawaban2->updateData1()
#2 D:\Pegawean\AKN\system\CodeIgniter.php(419): CodeIgniter\CodeIgniter->runController(Object(App\Controllers\C_Jawaban2))
#3 D:\Pegawean\AKN\system\CodeIgniter.php(326): CodeIgniter\CodeIgniter->handleRequest(NULL, Object(Config\Cache), false)
#4 D:\Pegawean\AKN\public\index.php(37): CodeIgniter\CodeIgniter->run()
#5 D:\Pegawean\AKN\system\Commands\Server\rewrite.php(43): require_once('D:\\Pegawean\\AKN...')
#6 {main}
CRITICAL - 2022-05-16 05:08:43 --> Undefined array key "tanggal"
#0 D:\Pegawean\AKN\app\Models\M_Jawaban2.php(48): CodeIgniter\Debug\Exceptions->errorHandler(2, 'Undefined array...', 'D:\\Pegawean\\AKN...', 48)
#1 D:\Pegawean\AKN\app\Controllers\C_Jawaban2.php(86): App\Models\M_Jawaban2->updateData(Array)
#2 D:\Pegawean\AKN\system\CodeIgniter.php(832): App\Controllers\C_Jawaban2->updateData2()
#3 D:\Pegawean\AKN\system\CodeIgniter.php(419): CodeIgniter\CodeIgniter->runController(Object(App\Controllers\C_Jawaban2))
#4 D:\Pegawean\AKN\system\CodeIgniter.php(326): CodeIgniter\CodeIgniter->handleRequest(NULL, Object(Config\Cache), false)
#5 D:\Pegawean\AKN\public\index.php(37): CodeIgniter\CodeIgniter->run()
#6 D:\Pegawean\AKN\system\Commands\Server\rewrite.php(43): require_once('D:\\Pegawean\\AKN...')
#7 {main}
ERROR - 2022-05-16 05:09:03 --> Unknown column 'persediaan_awal' in 'field list'
CRITICAL - 2022-05-16 05:09:03 --> Unknown column 'persediaan_awal' in 'field list'
#0 D:\Pegawean\AKN\system\Database\MySQLi\Connection.php(292): mysqli->query('UPDATE `jawaban...', 0)
#1 D:\Pegawean\AKN\system\Database\BaseConnection.php(670): CodeIgniter\Database\MySQLi\Connection->execute('UPDATE `jawaban...')
#2 D:\Pegawean\AKN\system\Database\BaseConnection.php(598): CodeIgniter\Database\BaseConnection->simpleQuery('UPDATE `jawaban...')
#3 D:\Pegawean\AKN\system\Database\BaseBuilder.php(1913): CodeIgniter\Database\BaseConnection->query('UPDATE `jawaban...', Array, false)
#4 D:\Pegawean\AKN\app\Models\M_HargaPokok.php(52): CodeIgniter\Database\BaseBuilder->update()
#5 D:\Pegawean\AKN\app\Controllers\C_Jawaban2.php(86): App\Models\M_HargaPokok->updateData(Array)
#6 D:\Pegawean\AKN\system\CodeIgniter.php(832): App\Controllers\C_Jawaban2->updateData2()
#7 D:\Pegawean\AKN\system\CodeIgniter.php(419): CodeIgniter\CodeIgniter->runController(Object(App\Controllers\C_Jawaban2))
#8 D:\Pegawean\AKN\system\CodeIgniter.php(326): CodeIgniter\CodeIgniter->handleRequest(NULL, Object(Config\Cache), false)
#9 D:\Pegawean\AKN\public\index.php(37): CodeIgniter\CodeIgniter->run()
#10 D:\Pegawean\AKN\system\Commands\Server\rewrite.php(43): require_once('D:\\Pegawean\\AKN...')
#11 {main}
